<?xml version="1.0" encoding="UTF-8"?>
<testng-results ignored="0" total="9" passed="9" failed="0" skipped="0">
  <reporter-output>
  </reporter-output>
  <suite started-at="2022-12-14T23:01:25 IST" name="Suite" finished-at="2022-12-14T23:02:10 IST" duration-ms="44269">
    <groups>
    </groups>
    <test started-at="2022-12-14T23:01:25 IST" name="loginTest" finished-at="2022-12-14T23:02:10 IST" duration-ms="44269">
      <class name="TestRunner.HomePageTest">
        <test-method is-config="true" signature="setUp()[pri:0, instance:TestRunner.HomePageTest@32502377]" started-at="2022-12-14T23:01:26 IST" name="setUp" finished-at="2022-12-14T23:01:48 IST" duration-ms="22668" status="PASS">
          <reporter-output>
          </reporter-output>
        </test-method> <!-- setUp -->
        <test-method is-config="true" signature="openTest()[pri:0, instance:TestRunner.HomePageTest@32502377]" started-at="2022-12-14T23:01:48 IST" name="openTest" finished-at="2022-12-14T23:01:48 IST" duration-ms="172" status="PASS">
          <reporter-output>
          </reporter-output>
        </test-method> <!-- openTest -->
        <test-method signature="clickAll()[pri:0, instance:TestRunner.HomePageTest@32502377]" started-at="2022-12-14T23:01:48 IST" name="clickAll" finished-at="2022-12-14T23:01:53 IST" duration-ms="4609" status="PASS">
          <reporter-output>
          </reporter-output>
        </test-method> <!-- clickAll -->
        <test-method signature="clickOnElectronic()[pri:1, instance:TestRunner.HomePageTest@32502377]" started-at="2022-12-14T23:01:53 IST" name="clickOnElectronic" finished-at="2022-12-14T23:01:56 IST" duration-ms="3195" status="PASS">
          <reporter-output>
          </reporter-output>
        </test-method> <!-- clickOnElectronic -->
        <test-method signature="Televisions()[pri:2, instance:TestRunner.HomePageTest@32502377]" started-at="2022-12-14T23:01:56 IST" name="Televisions" finished-at="2022-12-14T23:01:58 IST" duration-ms="2296" status="PASS">
          <reporter-output>
          </reporter-output>
        </test-method> <!-- Televisions -->
        <test-method signature="scrollTillBrands()[pri:3, instance:TestRunner.HomePageTest@32502377]" started-at="2022-12-14T23:01:58 IST" name="scrollTillBrands" finished-at="2022-12-14T23:01:59 IST" duration-ms="894" status="PASS">
          <reporter-output>
          </reporter-output>
        </test-method> <!-- scrollTillBrands -->
        <test-method signature="samsung()[pri:4, instance:TestRunner.HomePageTest@32502377]" started-at="2022-12-14T23:01:59 IST" name="samsung" finished-at="2022-12-14T23:02:01 IST" duration-ms="1493" status="PASS">
          <reporter-output>
          </reporter-output>
        </test-method> <!-- samsung -->
        <test-method signature="sort()[pri:5, instance:TestRunner.HomePageTest@32502377]" started-at="2022-12-14T23:02:01 IST" name="sort" finished-at="2022-12-14T23:02:02 IST" duration-ms="865" status="PASS">
          <reporter-output>
          </reporter-output>
        </test-method> <!-- sort -->
        <test-method signature="highToLow()[pri:6, instance:TestRunner.HomePageTest@32502377]" started-at="2022-12-14T23:02:02 IST" name="highToLow" finished-at="2022-12-14T23:02:02 IST" duration-ms="107" status="PASS">
          <reporter-output>
          </reporter-output>
        </test-method> <!-- highToLow -->
        <test-method signature="selectSecondItem()[pri:7, instance:TestRunner.HomePageTest@32502377]" started-at="2022-12-14T23:02:02 IST" name="selectSecondItem" finished-at="2022-12-14T23:02:07 IST" duration-ms="5146" status="PASS">
          <reporter-output>
          </reporter-output>
        </test-method> <!-- selectSecondItem -->
        <test-method signature="scrolldown()[pri:8, instance:TestRunner.HomePageTest@32502377]" started-at="2022-12-14T23:02:07 IST" name="scrolldown" finished-at="2022-12-14T23:02:08 IST" duration-ms="1425" status="PASS">
          <reporter-output>
          </reporter-output>
        </test-method> <!-- scrolldown -->
        <test-method is-config="true" signature="closeTest()[pri:0, instance:TestRunner.HomePageTest@32502377]" started-at="2022-12-14T23:02:08 IST" name="closeTest" finished-at="2022-12-14T23:02:09 IST" duration-ms="178" status="PASS">
          <reporter-output>
          </reporter-output>
        </test-method> <!-- closeTest -->
        <test-method is-config="true" signature="tearDown()[pri:0, instance:TestRunner.HomePageTest@32502377]" started-at="2022-12-14T23:02:09 IST" name="tearDown" finished-at="2022-12-14T23:02:10 IST" duration-ms="1173" status="PASS">
          <reporter-output>
          </reporter-output>
        </test-method> <!-- tearDown -->
      </class> <!-- TestRunner.HomePageTest -->
    </test> <!-- loginTest -->
  </suite> <!-- Suite -->
</testng-results>
