<?xml version="1.0" encoding="UTF-8"?>
<!-- Generated by org.testng.reporters.JUnitXMLReporter -->
<testsuite ignored="0" hostname="Sarita-PC" failures="0" tests="9" name="loginTest" time="44.269" errors="0" timestamp="2022-12-14T23:02:11 IST">
  <testcase classname="TestRunner.HomePageTest" name="clickAll" time="4.609"/>
  <testcase classname="TestRunner.HomePageTest" name="clickOnElectronic" time="3.195"/>
  <testcase classname="TestRunner.HomePageTest" name="Televisions" time="2.296"/>
  <testcase classname="TestRunner.HomePageTest" name="scrollTillBrands" time="0.894"/>
  <testcase classname="TestRunner.HomePageTest" name="samsung" time="1.493"/>
  <testcase classname="TestRunner.HomePageTest" name="sort" time="0.865"/>
  <testcase classname="TestRunner.HomePageTest" name="highToLow" time="0.107"/>
  <testcase classname="TestRunner.HomePageTest" name="selectSecondItem" time="5.146"/>
  <testcase classname="TestRunner.HomePageTest" name="scrolldown" time="1.425"/>
</testsuite> <!-- loginTest -->
